<?xml version="1.0" encoding="UTF-8" ?>
<testsuite tests="8" failures="0" name="com.chc.validation.test.controller.PasswordServiceImplTest" time="0.039" errors="0" skipped="0">
  <properties>
    <property name="java.runtime.name" value="Java(TM) SE Runtime Environment"/>
    <property name="sun.boot.library.path" value="C:\Program Files\Java\jdk1.8.0_73\jre\bin"/>
    <property name="java.vm.version" value="25.73-b02"/>
    <property name="java.vm.vendor" value="Oracle Corporation"/>
    <property name="maven.multiModuleProjectDirectory" value="C:\PasswordValidation"/>
    <property name="java.vendor.url" value="http://java.oracle.com/"/>
    <property name="path.separator" value=";"/>
    <property name="guice.disable.misplaced.annotation.check" value="true"/>
    <property name="java.vm.name" value="Java HotSpot(TM) 64-Bit Server VM"/>
    <property name="file.encoding.pkg" value="sun.io"/>
    <property name="user.script" value=""/>
    <property name="user.country" value="US"/>
    <property name="sun.java.launcher" value="SUN_STANDARD"/>
    <property name="sun.os.patch.level" value=""/>
    <property name="java.vm.specification.name" value="Java Virtual Machine Specification"/>
    <property name="user.dir" value="C:\PasswordValidation"/>
    <property name="java.runtime.version" value="1.8.0_73-b02"/>
    <property name="java.awt.graphicsenv" value="sun.awt.Win32GraphicsEnvironment"/>
    <property name="java.endorsed.dirs" value="C:\Program Files\Java\jdk1.8.0_73\jre\lib\endorsed"/>
    <property name="os.arch" value="amd64"/>
    <property name="java.io.tmpdir" value="C:\Users\BALARA~1.KOR\AppData\Local\Temp\"/>
    <property name="line.separator" value="
"/>
    <property name="java.vm.specification.vendor" value="Oracle Corporation"/>
    <property name="user.variant" value=""/>
    <property name="os.name" value="Windows 10"/>
    <property name="classworlds.conf" value="C:\apache-maven-3.5.2\bin\..\bin\m2.conf"/>
    <property name="sun.jnu.encoding" value="Cp1252"/>
    <property name="java.library.path" value="C:\Program Files\Java\jdk1.8.0_73\bin;C:\WINDOWS\Sun\Java\bin;C:\WINDOWS\system32;C:\WINDOWS;C:\Users\balaram.korrapati\Downloads\ConEmu\Scripts;C:\Users\balaram.korrapati\Downloads;C:\Users\balaram.korrapati\Downloads\ConEmu;C:\Program Files (x86)\Intel\Trace Analyzer and Collector\9.0.1.035\bin;C:\Program Files (x86)\Intel\MPI\5.0.1.037\intel64\bin;C:\Program Files (x86)\Common Files\Intel\Shared Libraries\redist\intel64\mpirt;C:\Program Files (x86)\Common Files\Intel\Shared Libraries\redist\ia32\mpirt;C:\Program Files (x86)\Common Files\Intel\Shared Libraries\redist\intel64\compiler;C:\Program Files (x86)\Common Files\Intel\Shared Libraries\redist\ia32\compiler;C:\Perl64\site\bin;C:\Perl64\bin;c:\engapps\halyard;C:\ProgramData\Oracle\Java\javapath;C:\Oracle\product\12.1.0\client_1\bin;C:\WINDOWS\system32;C:\WINDOWS;C:\WINDOWS\System32\Wbem;C:\WINDOWS\System32\WindowsPowerShell\v1.0\;C:\Program Files (x86)\WebEx\Productivity Tools;C:\Program Files\Perforce;C:\apache-maven-3.5.2\bin;C:\Program Files\Java\jdk1.8.0_73\bin;C:\apache-ant-1.9.9\bin;C:\PointCalc\bin;C:\PointCalc\comp_modules;C:\fop-2.2\fop;C:\Program Files (x86)\Intel\Composer XE 2015\redist\intel64\mpirt;C:\Program Files (x86)\Intel\Composer XE 2015\redist\intel64\compiler;C:\Program Files (x86)\Intel\Composer XE 2015\redist\ia32\mpirt;C:\Program Files (x86)\Intel\Composer XE 2015\redist\ia32\compiler;c:\Program Files (x86)\Microsoft SQL Server\90\Tools\binn\;C:\Program Files\Git\cmd;C:\apache-cxf-3.2.4;C:\Program Files\nodejs\;C:\Users\balaram.korrapati\scoop\shims;C:\Program Files (x86)\Intel\Trace Analyzer and Collector\9.0.1.035\dll;&quot;C:\Users\balaram.korrapati\AppData\Local\Microsoft\WindowsApps;C:\apache-tomcat-8.0.47\bin;C:\fop-2.2\fop\bin;&quot;;C:\gradle\4.7\bin;C:\Users\balaram.korrapati\AppData\Roaming\npm;."/>
    <property name="maven.conf" value="C:\apache-maven-3.5.2\bin\../conf"/>
    <property name="java.specification.name" value="Java Platform API Specification"/>
    <property name="java.class.version" value="52.0"/>
    <property name="sun.management.compiler" value="HotSpot 64-Bit Tiered Compilers"/>
    <property name="os.version" value="10.0"/>
    <property name="library.jansi.path" value="C:\apache-maven-3.5.2\bin\..\lib\jansi-native"/>
    <property name="user.home" value="C:\Users\balaram.korrapati"/>
    <property name="user.timezone" value="America/Denver"/>
    <property name="java.awt.printerjob" value="sun.awt.windows.WPrinterJob"/>
    <property name="java.specification.version" value="1.8"/>
    <property name="file.encoding" value="Cp1252"/>
    <property name="user.name" value="balaram.korrapati"/>
    <property name="java.class.path" value="C:\apache-maven-3.5.2\bin\..\boot\plexus-classworlds-2.5.2.jar"/>
    <property name="java.vm.specification.version" value="1.8"/>
    <property name="sun.arch.data.model" value="64"/>
    <property name="java.home" value="C:\Program Files\Java\jdk1.8.0_73\jre"/>
    <property name="sun.java.command" value="org.codehaus.plexus.classworlds.launcher.Launcher clean install"/>
    <property name="java.specification.vendor" value="Oracle Corporation"/>
    <property name="user.language" value="en"/>
    <property name="awt.toolkit" value="sun.awt.windows.WToolkit"/>
    <property name="java.vm.info" value="mixed mode"/>
    <property name="java.version" value="1.8.0_73"/>
    <property name="java.ext.dirs" value="C:\Program Files\Java\jdk1.8.0_73\jre\lib\ext;C:\WINDOWS\Sun\Java\lib\ext"/>
    <property name="sun.boot.class.path" value="C:\Program Files\Java\jdk1.8.0_73\jre\lib\resources.jar;C:\Program Files\Java\jdk1.8.0_73\jre\lib\rt.jar;C:\Program Files\Java\jdk1.8.0_73\jre\lib\sunrsasign.jar;C:\Program Files\Java\jdk1.8.0_73\jre\lib\jsse.jar;C:\Program Files\Java\jdk1.8.0_73\jre\lib\jce.jar;C:\Program Files\Java\jdk1.8.0_73\jre\lib\charsets.jar;C:\Program Files\Java\jdk1.8.0_73\jre\lib\jfr.jar;C:\Program Files\Java\jdk1.8.0_73\jre\classes"/>
    <property name="sun.stderr.encoding" value="cp437"/>
    <property name="java.vendor" value="Oracle Corporation"/>
    <property name="maven.home" value="C:\apache-maven-3.5.2\bin\.."/>
    <property name="file.separator" value="\"/>
    <property name="java.vendor.url.bug" value="http://bugreport.sun.com/bugreport/"/>
    <property name="sun.cpu.endian" value="little"/>
    <property name="sun.io.unicode.encoding" value="UnicodeLittle"/>
    <property name="sun.stdout.encoding" value="cp437"/>
    <property name="sun.desktop" value="windows"/>
    <property name="sun.cpu.isalist" value="amd64"/>
  </properties>
  <testcase classname="com.chc.validation.test.controller.PasswordServiceImplTest" name="testPasswordLengthIsBtwn5and12" time="0.024"/>
  <testcase classname="com.chc.validation.test.controller.PasswordServiceImplTest" name="testPasswordContains1Character" time="0.009"/>
  <testcase classname="com.chc.validation.test.controller.PasswordServiceImplTest" name="testPasswordShouldNotContainSpecialCharacters" time="0"/>
  <testcase classname="com.chc.validation.test.controller.PasswordServiceImplTest" name="testPasswordMaxLengthisNot12" time="0.001"/>
  <testcase classname="com.chc.validation.test.controller.PasswordServiceImplTest" name="testPasswordMinLengthisNot5" time="0"/>
  <testcase classname="com.chc.validation.test.controller.PasswordServiceImplTest" name="testPasswordContainsOnlyLowerCaseLetters" time="0.002"/>
  <testcase classname="com.chc.validation.test.controller.PasswordServiceImplTest" name="testPasswordContains1Digit" time="0.001"/>
  <testcase classname="com.chc.validation.test.controller.PasswordServiceImplTest" name="testPasswordHasNoSequence" time="0.002"/>
</testsuite>